<?xml version="1.0" encoding="utf-8"?>
<TestRun id="3e425fab-c119-4b5a-be8b-8bfc6ee5b173" name="@Tom-Wilkinson-JKQ9GWP962 2025-03-28 13:12:28" xmlns="http://microsoft.com/schemas/VisualStudio/TeamTest/2010">
  <Times creation="2025-03-28T13:12:28.4206450+00:00" queuing="2025-03-28T13:12:28.4206450+00:00" start="2025-03-28T13:12:21.9133310+00:00" finish="2025-03-28T13:12:28.4234910+00:00" />
  <TestSettings name="default" id="4e16a407-e181-43a5-941a-26e8373888f3">
    <Deployment runDeploymentRoot="_Tom-Wilkinson-JKQ9GWP962_2025-03-28_13_12_28" />
  </TestSettings>
  <Results>
    <UnitTestResult executionId="64adeade-5258-4c4b-81b9-9088e8c00180" testId="4ceddb1a-a7d1-8c1f-58d8-7bd3ac99b49c" testName="Index_RetriesOnTransientFailures" computerName="Tom-Wilkinson-JKQ9GWP962" duration="00:00:06.0664210" startTime="2025-03-28T13:12:22.2961510+00:00" endTime="2025-03-28T13:12:28.3625300+00:00" testType="13cdc9d9-ddb5-4fa4-a97d-d965ccfc6d4b" outcome="Passed" testListId="8c84fa94-04c1-424b-9868-57a2d4851a1d" relativeResultsDirectory="64adeade-5258-4c4b-81b9-9088e8c00180">
      <Output>
        <StdOut>Test Data:
Id: 1, Name: Product 1, Price: 10, StockLevel: 5
Id: 2, Name: Product 2, Price: 20, StockLevel: 3</StdOut>
      </Output>
    </UnitTestResult>
  </Results>
  <TestDefinitions>
    <UnitTest name="Index_RetriesOnTransientFailures" storage="/users/tom/downloads/thamcofrontend/bin/debug/net8.0/thamcofrontend.dll" id="4ceddb1a-a7d1-8c1f-58d8-7bd3ac99b49c">
      <Execution id="64adeade-5258-4c4b-81b9-9088e8c00180" />
      <TestMethod codeBase="/Users/tom/Downloads/ThAmCoFrontEnd/bin/Debug/net8.0/ThAmCoFrontEnd.dll" adapterTypeName="executor://nunit3testexecutor/" className="ThAmCoFrontEnd.Tests.HomeControllerTests" name="Index_RetriesOnTransientFailures" />
    </UnitTest>
  </TestDefinitions>
  <TestEntries>
    <TestEntry testId="4ceddb1a-a7d1-8c1f-58d8-7bd3ac99b49c" executionId="64adeade-5258-4c4b-81b9-9088e8c00180" testListId="8c84fa94-04c1-424b-9868-57a2d4851a1d" />
  </TestEntries>
  <TestLists>
    <TestList name="Results Not in a List" id="8c84fa94-04c1-424b-9868-57a2d4851a1d" />
    <TestList name="All Loaded Results" id="19431567-8539-422a-85d7-44ee4e166bda" />
  </TestLists>
  <ResultSummary outcome="Completed">
    <Counters total="1" executed="1" passed="1" failed="0" error="0" timeout="0" aborted="0" inconclusive="0" passedButRunAborted="0" notRunnable="0" notExecuted="0" disconnected="0" warning="0" completed="0" inProgress="0" pending="0" />
    <Output>
      <StdOut>NUnit Adapter 5.0.0.0: Test execution started
Running all tests in /Users/tom/Downloads/ThAmCoFrontEnd/bin/Debug/net8.0/ThAmCoFrontEnd.dll
   NUnit3TestExecutor discovered 1 of 1 NUnit test cases using Current Discovery mode, Non-Explicit run
Test Data:
Id: 1, Name: Product 1, Price: 10, StockLevel: 5
Id: 2, Name: Product 2, Price: 20, StockLevel: 3

NUnit Adapter 5.0.0.0: Test execution complete
</StdOut>
    </Output>
  </ResultSummary>
</TestRun>